app/build/intermediates/manifest_merge_blame_file/debug/manifest-merger-blame-debug-report.txt
1<?xml version="1.0" encoding="utf-8"?>
2<manifest xmlns:android="http://schemas.android.com/apk/res/android"
3    package="com.example.myapplication"
4    android:versionCode="1"
5    android:versionName="1.0" >
6
7    <uses-sdk
8        android:minSdkVersion="22"
8-->src\main\AndroidManifest.xml
9        android:targetSdkVersion="30" />
9-->src\main\AndroidManifest.xml
10
11    <uses-permission android:name="android.permission.INTERNET" />
11-->[com.google.firebase:firebase-auth:21.0.1] AndroidManifest.xml:23:5-67
11-->[com.google.firebase:firebase-auth:21.0.1] AndroidManifest.xml:23:22-64
12    <uses-permission android:name="android.permission.ACCESS_NETWORK_STATE" />
12-->[com.google.firebase:firebase-auth:21.0.1] AndroidManifest.xml:24:5-79
12-->[com.google.firebase:firebase-auth:21.0.1] AndroidManifest.xml:24:22-76
13
14    <application
14-->src\main\AndroidManifest.xml:5:5-30:19
15        android:allowBackup="true"
15-->src\main\AndroidManifest.xml:6:9-35
16        android:appComponentFactory="androidx.core.app.CoreComponentFactory"
16-->[androidx.core:core:1.5.0] AndroidManifest.xml:24:18-86
17        android:debuggable="true"
18        android:icon="@mipmap/ic_launcher"
18-->src\main\AndroidManifest.xml:7:9-43
19        android:label="@string/app_name"
19-->src\main\AndroidManifest.xml:8:9-41
20        android:roundIcon="@mipmap/ic_launcher_round"
20-->src\main\AndroidManifest.xml:9:9-54
21        android:supportsRtl="true"
21-->src\main\AndroidManifest.xml:10:9-35
22        android:testOnly="true"
23        android:theme="@style/Theme.MyApplication" >
23-->src\main\AndroidManifest.xml:11:9-51
24        <activity
24-->src\main\AndroidManifest.xml:12:9-15:70
25            android:name="com.example.myapplication.MainActivity"
25-->src\main\AndroidManifest.xml:13:13-41
26            android:label="@string/title_activity_menu"
26-->src\main\AndroidManifest.xml:14:13-56
27            android:theme="@style/Theme.MyApplication.NoActionBar" />
27-->src\main\AndroidManifest.xml:15:13-67
28        <activity
28-->src\main\AndroidManifest.xml:16:9-19:70
29            android:name="com.example.myapplication.RegisterActivity"
29-->src\main\AndroidManifest.xml:17:13-45
30            android:label="@string/title_activity_register"
30-->src\main\AndroidManifest.xml:18:13-60
31            android:theme="@style/Theme.MyApplication.NoActionBar" />
31-->src\main\AndroidManifest.xml:19:13-67
32        <activity
32-->src\main\AndroidManifest.xml:20:9-22:60
33            android:name="com.example.myapplication.ui.login.LoginActivity"
33-->src\main\AndroidManifest.xml:21:13-51
34            android:label="@string/title_activity_login" />
34-->src\main\AndroidManifest.xml:22:13-57
35        <activity android:name="com.example.myapplication.LoginActivity" >
35-->src\main\AndroidManifest.xml:23:9-29:20
35-->src\main\AndroidManifest.xml:23:19-48
36            <intent-filter>
36-->src\main\AndroidManifest.xml:24:13-28:29
37                <action android:name="android.intent.action.MAIN" />
37-->src\main\AndroidManifest.xml:25:17-69
37-->src\main\AndroidManifest.xml:25:25-66
38
39                <category android:name="android.intent.category.LAUNCHER" />
39-->src\main\AndroidManifest.xml:27:17-77
39-->src\main\AndroidManifest.xml:27:27-74
40            </intent-filter>
41        </activity>
42        <activity
42-->[com.google.firebase:firebase-auth:21.0.1] AndroidManifest.xml:27:9-44:20
43            android:name="com.google.firebase.auth.internal.GenericIdpActivity"
43-->[com.google.firebase:firebase-auth:21.0.1] AndroidManifest.xml:28:13-80
44            android:excludeFromRecents="true"
44-->[com.google.firebase:firebase-auth:21.0.1] AndroidManifest.xml:29:13-46
45            android:exported="true"
45-->[com.google.firebase:firebase-auth:21.0.1] AndroidManifest.xml:30:13-36
46            android:launchMode="singleTask"
46-->[com.google.firebase:firebase-auth:21.0.1] AndroidManifest.xml:31:13-44
47            android:theme="@android:style/Theme.Translucent.NoTitleBar" >
47-->[com.google.firebase:firebase-auth:21.0.1] AndroidManifest.xml:32:13-72
48            <intent-filter>
48-->[com.google.firebase:firebase-auth:21.0.1] AndroidManifest.xml:33:13-43:29
49                <action android:name="android.intent.action.VIEW" />
49-->[com.google.firebase:firebase-auth:21.0.1] AndroidManifest.xml:34:17-69
49-->[com.google.firebase:firebase-auth:21.0.1] AndroidManifest.xml:34:25-66
50
51                <category android:name="android.intent.category.DEFAULT" />
51-->[com.google.firebase:firebase-auth:21.0.1] AndroidManifest.xml:36:17-76
51-->[com.google.firebase:firebase-auth:21.0.1] AndroidManifest.xml:36:27-73
52                <category android:name="android.intent.category.BROWSABLE" />
52-->[com.google.firebase:firebase-auth:21.0.1] AndroidManifest.xml:37:17-78
52-->[com.google.firebase:firebase-auth:21.0.1] AndroidManifest.xml:37:27-75
53
54                <data
54-->[com.google.firebase:firebase-auth:21.0.1] AndroidManifest.xml:39:17-42:51
55                    android:host="firebase.auth"
55-->[com.google.firebase:firebase-auth:21.0.1] AndroidManifest.xml:40:21-49
56                    android:path="/"
56-->[com.google.firebase:firebase-auth:21.0.1] AndroidManifest.xml:41:21-37
57                    android:scheme="genericidp" />
57-->[com.google.firebase:firebase-auth:21.0.1] AndroidManifest.xml:42:21-48
58            </intent-filter>
59        </activity>
60        <activity
60-->[com.google.firebase:firebase-auth:21.0.1] AndroidManifest.xml:45:9-62:20
61            android:name="com.google.firebase.auth.internal.RecaptchaActivity"
61-->[com.google.firebase:firebase-auth:21.0.1] AndroidManifest.xml:46:13-79
62            android:excludeFromRecents="true"
62-->[com.google.firebase:firebase-auth:21.0.1] AndroidManifest.xml:47:13-46
63            android:exported="true"
63-->[com.google.firebase:firebase-auth:21.0.1] AndroidManifest.xml:48:13-36
64            android:launchMode="singleTask"
64-->[com.google.firebase:firebase-auth:21.0.1] AndroidManifest.xml:49:13-44
65            android:theme="@android:style/Theme.Translucent.NoTitleBar" >
65-->[com.google.firebase:firebase-auth:21.0.1] AndroidManifest.xml:50:13-72
66            <intent-filter>
66-->[com.google.firebase:firebase-auth:21.0.1] AndroidManifest.xml:51:13-61:29
67                <action android:name="android.intent.action.VIEW" />
67-->[com.google.firebase:firebase-auth:21.0.1] AndroidManifest.xml:34:17-69
67-->[com.google.firebase:firebase-auth:21.0.1] AndroidManifest.xml:34:25-66
68
69                <category android:name="android.intent.category.DEFAULT" />
69-->[com.google.firebase:firebase-auth:21.0.1] AndroidManifest.xml:36:17-76
69-->[com.google.firebase:firebase-auth:21.0.1] AndroidManifest.xml:36:27-73
70                <category android:name="android.intent.category.BROWSABLE" />
70-->[com.google.firebase:firebase-auth:21.0.1] AndroidManifest.xml:37:17-78
70-->[com.google.firebase:firebase-auth:21.0.1] AndroidManifest.xml:37:27-75
71
72                <data
72-->[com.google.firebase:firebase-auth:21.0.1] AndroidManifest.xml:39:17-42:51
73                    android:host="firebase.auth"
73-->[com.google.firebase:firebase-auth:21.0.1] AndroidManifest.xml:40:21-49
74                    android:path="/"
74-->[com.google.firebase:firebase-auth:21.0.1] AndroidManifest.xml:41:21-37
75                    android:scheme="recaptcha" />
75-->[com.google.firebase:firebase-auth:21.0.1] AndroidManifest.xml:42:21-48
76            </intent-filter>
77        </activity>
78
79        <service
79-->[com.google.firebase:firebase-auth:21.0.1] AndroidManifest.xml:64:9-73:19
80            android:name="com.google.firebase.auth.api.fallback.service.FirebaseAuthFallbackService"
80-->[com.google.firebase:firebase-auth:21.0.1] AndroidManifest.xml:65:13-101
81            android:enabled="true"
81-->[com.google.firebase:firebase-auth:21.0.1] AndroidManifest.xml:66:13-35
82            android:exported="false" >
82-->[com.google.firebase:firebase-auth:21.0.1] AndroidManifest.xml:67:13-37
83            <intent-filter>
83-->[com.google.firebase:firebase-auth:21.0.1] AndroidManifest.xml:68:13-72:29
84                <action android:name="com.google.firebase.auth.api.gms.service.START" />
84-->[com.google.firebase:firebase-auth:21.0.1] AndroidManifest.xml:69:17-89
84-->[com.google.firebase:firebase-auth:21.0.1] AndroidManifest.xml:69:25-86
85
86                <category android:name="android.intent.category.DEFAULT" />
86-->[com.google.firebase:firebase-auth:21.0.1] AndroidManifest.xml:36:17-76
86-->[com.google.firebase:firebase-auth:21.0.1] AndroidManifest.xml:36:27-73
87            </intent-filter>
88        </service>
89        <service
89-->[com.google.firebase:firebase-auth:21.0.1] AndroidManifest.xml:74:9-80:19
90            android:name="com.google.firebase.components.ComponentDiscoveryService"
90-->[com.google.firebase:firebase-auth:21.0.1] AndroidManifest.xml:75:13-84
91            android:directBootAware="true"
91-->[com.google.firebase:firebase-common:20.0.0] AndroidManifest.xml:35:13-43
92            android:exported="false" >
92-->[com.google.firebase:firebase-auth:21.0.1] AndroidManifest.xml:76:13-37
93            <meta-data
93-->[com.google.firebase:firebase-auth:21.0.1] AndroidManifest.xml:77:13-79:85
94                android:name="com.google.firebase.components:com.google.firebase.auth.FirebaseAuthRegistrar"
94-->[com.google.firebase:firebase-auth:21.0.1] AndroidManifest.xml:78:17-109
95                android:value="com.google.firebase.components.ComponentRegistrar" />
95-->[com.google.firebase:firebase-auth:21.0.1] AndroidManifest.xml:79:17-82
96        </service>
97
98        <activity
98-->[com.google.android.gms:play-services-base:17.1.0] AndroidManifest.xml:23:9-26:75
99            android:name="com.google.android.gms.common.api.GoogleApiActivity"
99-->[com.google.android.gms:play-services-base:17.1.0] AndroidManifest.xml:24:13-79
100            android:exported="false"
100-->[com.google.android.gms:play-services-base:17.1.0] AndroidManifest.xml:25:13-37
101            android:theme="@android:style/Theme.Translucent.NoTitleBar" />
101-->[com.google.android.gms:play-services-base:17.1.0] AndroidManifest.xml:26:13-72
102
103        <provider
103-->[com.google.firebase:firebase-common:20.0.0] AndroidManifest.xml:26:9-31:39
104            android:name="com.google.firebase.provider.FirebaseInitProvider"
104-->[com.google.firebase:firebase-common:20.0.0] AndroidManifest.xml:27:13-77
105            android:authorities="com.example.myapplication.firebaseinitprovider"
105-->[com.google.firebase:firebase-common:20.0.0] AndroidManifest.xml:28:13-72
106            android:directBootAware="true"
106-->[com.google.firebase:firebase-common:20.0.0] AndroidManifest.xml:29:13-43
107            android:exported="false"
107-->[com.google.firebase:firebase-common:20.0.0] AndroidManifest.xml:30:13-37
108            android:initOrder="100" />
108-->[com.google.firebase:firebase-common:20.0.0] AndroidManifest.xml:31:13-36
109
110        <meta-data
110-->[com.google.android.gms:play-services-basement:17.1.0] AndroidManifest.xml:23:9-25:69
111            android:name="com.google.android.gms.version"
111-->[com.google.android.gms:play-services-basement:17.1.0] AndroidManifest.xml:24:13-58
112            android:value="@integer/google_play_services_version" />
112-->[com.google.android.gms:play-services-basement:17.1.0] AndroidManifest.xml:25:13-66
113    </application>
114
115</manifest>